TkProgram (Linea 7, Columna 1)
TkBegin (Linea 8, Columna 1)
TkDeclare (Linea 9, Columna 5)
TkId "N" (Linea 9, Columna 13)
TkComma (Linea 9, Columna 14)
TkId "x" (Linea 9, Columna 16)
TkComma (Linea 9, Columna 17)
TkId "y" (Linea 9, Columna 19)
TkAs (Linea 9, Columna 21)
TkInt (Linea 9, Columna 24)
TkWrite (Linea 10, Columna 5)
TkString "Ingrese el valor de N: " (Linea 10, Columna 11)
TkSemicolon (Linea 10, Columna 36)
TkRead (Linea 11, Columna 5)
TkId "N" (Linea 11, Columna 10)
TkSemicolon (Linea 11, Columna 11)
TkId "x" (Linea 12, Columna 5)
TkEqual (Linea 12, Columna 7)
TkNum "1" (Linea 12, Columna 9)
TkSemicolon (Linea 12, Columna 10)
TkId "y" (Linea 13, Columna 5) 
TkEqual (Linea 13, Columna 7)
TkNum "1" (Linea 13, Columna 9)
TkSemicolon (Linea 13, Columna 10)
TkFor (Linea 15, Columna 5)
TkId "contador" (Linea 15, Columna 9)
TkIn (Linea 15, Columna 18)
TkNum "1" (Linea 15, Columna 21)
TkConstruccion (Linea 15, Columna 22)
TkId "N" (Linea 15, Columna 24)
TkDo (Linea 15, Columna 26) 
TkBegin (Linea 16, Columna 9) 
TkId "x" (Linea 17, Columna 13) 
TkEqual (Linea 17, Columna 15)
TkId "x" (Linea 17, Columna 17)
TkTimes (Linea 17, Columna 18)
TkNum "2" (Linea 17, Columna 19)
TkEnd (Linea 18, Columna 9)
TkSemicolon (Linea 19, Columna 5)
TkFor (Linea 21, Columna 5)
TkId "contador" (Linea 21, Columna 9)
TkIn (Linea 21, Columna 18)
TkNum "1" (Linea 21, Columna 21)
TkConstruccion (Linea 21, Columna 22)
TkId "N" (Linea 21, Columna 24)
TkPlus (Linea 21, Columna 25)
TkNum "1" (Linea 21, Columna 26)
TkDo (Linea 21, Columna 26) 
TkBegin (Linea 22, Columna 9) 
TkId "y" (Linea 23, Columna 13) 
TkEqual (Linea 23, Columna 15)
TkId "y" (Linea 23, Columna 17)
TkTimes (Linea 23, Columna 18)
TkNum "2" (Linea 23, Columna 19)
TkEnd (Linea 24, Columna 9)
TkSemicolon (Linea 25, Columna 5)
TkWriteln (Linea 27, Columna 5)
TkString "El " (Linea 27, Columna 13)
TkComma (Linea 27, Columna 18)
TkId "N" (Linea 27, Columna 20)
TkComma (Linea 27, Columna 21)
TkString " numero perfecto es: " (Linea 27, Columna 23)
TkComma (Linea 27, Columna 46)
TkLPar (Linea 27, Columna 48)
TkId "x" (Linea 27, Columna 49)
TkTimes (Linea 27, Columna 50)
TkLPar (Linea 27, Columna 51)
TkId "y" (Linea 27, Columna 52)
TkMinus (Linea 27, Columna 53)
TkNum "1" (Linea 27, Columna 54)
TkRPar (Linea 27, Columna 55)
TkRPar (Linea 27, Columna 56)
TkEnd (Linea 28, Columna 1)
